# Домашнее задание к занятию «Индексы»

### Инструкция по выполнению домашнего задания

1. Сделайте fork [репозитория c шаблоном решения](https://github.com/netology-code/sys-pattern-homework) к себе в Github и переименуйте его по названию или номеру занятия, например, https://github.com/имя-вашего-репозитория/gitlab-hw или https://github.com/имя-вашего-репозитория/8-03-hw).
2. Выполните клонирование этого репозитория к себе на ПК с помощью команды `git clone`.
3. Выполните домашнее задание и заполните у себя локально этот файл README.md:
   - впишите вверху название занятия и ваши фамилию и имя;
   - в каждом задании добавьте решение в требуемом виде: текст/код/скриншоты/ссылка;
   - для корректного добавления скриншотов воспользуйтесь инструкцией [«Как вставить скриншот в шаблон с решением»](https://github.com/netology-code/sys-pattern-homework/blob/main/screen-instruction.md);
   - при оформлении используйте возможности языка разметки md. Коротко об этом можно посмотреть в [инструкции по MarkDown](https://github.com/netology-code/sys-pattern-homework/blob/main/md-instruction.md).
4. После завершения работы над домашним заданием сделайте коммит (`git commit -m "comment"`) и отправьте его на Github (`git push origin`).
5. Для проверки домашнего задания преподавателем в личном кабинете прикрепите и отправьте ссылку на решение в виде md-файла в вашем Github.
6. Любые вопросы задавайте в чате учебной группы и/или в разделе «Вопросы по заданию» в личном кабинете.

Желаем успехов в выполнении домашнего задания.

### Задание 1

Напишите запрос к учебной базе данных, который вернёт процентное отношение общего размера всех индексов к общему размеру всех таблиц.

#### Решение 1.

Запрос:

```sql
SELECT sum(data_length) as dataa, sum(index_length) as indexx, (sum(index_length)/sum(data_length)*100) as procent
FROM INFORMATION_SCHEMA.TABLES
```
Вывод:

```
dataa   |indexx |procent|
--------+-------+-------+
12304384|2752512|22.3702|
```
---
### Задание 2

Выполните explain analyze следующего запроса:

```sql
select distinct concat(c.last_name, ' ', c.first_name), sum(p.amount) over (partition by c.customer_id, f.title)
from payment p, rental r, customer c, inventory i, film f
where date(p.payment_date) = '2005-07-30' and p.payment_date = r.rental_date and r.customer_id = c.customer_id and i.inventory_id = r.inventory_id
```

- перечислите узкие места;
- оптимизируйте запрос: внесите корректировки по использованию операторов, при необходимости добавьте индексы.


#### Решение 2.

Вывод запроса:

```sql
concat(c.last_name, ' ', c.first_name)|sum(p.amount) over (partition by c.customer_id, f.title)|
--------------------------------------+--------------------------------------------------------+
JOHNSON PATRICIA                      |                                                   30.95|
WILLIAMS LINDA                        |                                                    5.98|
JONES BARBARA                         |                                                   11.98|
BROWN ELIZABETH                       |                                                    6.98|
MOORE MARGARET                        |                                                    4.99|
ANDERSON LISA                         |                                                   16.98|
THOMAS NANCY                          |                                                   11.97|
JACKSON KAREN                         |                                                   10.98|
WHITE BETTY                           |                                                    4.99|
HARRIS HELEN                          |                                                    4.99|
MARTIN SANDRA                         |                                                    0.99|
THOMPSON DONNA                        |                                                   24.95|
GARCIA CAROL                          |                                                    9.98|
MARTINEZ RUTH                         |                                                    6.98|
ROBINSON SHARON                       |                                                    8.98|
CLARK MICHELLE                        |                                                    0.99|
RODRIGUEZ LAURA                       |                                                    0.99|
LEWIS SARAH                           |                                                   15.98|
LEE KIMBERLY                          |                                                    4.99|
WALKER DEBORAH                        |                                                   12.97|

...

```

Вывод explain analyze:

```sql
-> Table scan on <temporary>  (cost=2.5..2.5 rows=0) (actual time=7460..7460 rows=391 loops=1)
    -> Temporary table with deduplication  (cost=0..0 rows=0) (actual time=7460..7460 rows=391 loops=1)
        -> Window aggregate with buffering: sum(payment.amount) OVER (PARTITION BY c.customer_id,f.title )   (actual time=3307..7217 rows=642000 loops=1)
            -> Sort: c.customer_id, f.title  (actual time=3306..3434 rows=642000 loops=1)
                -> Stream results  (cost=10.5e+6 rows=16.4e+6) (actual time=0.559..2438 rows=642000 loops=1)
                    -> Nested loop inner join  (cost=10.5e+6 rows=16.4e+6) (actual time=0.55..2044 rows=642000 loops=1)
                        -> Nested loop inner join  (cost=8.82e+6 rows=16.4e+6) (actual time=0.54..1736 rows=642000 loops=1)
                            -> Nested loop inner join  (cost=7.18e+6 rows=16.4e+6) (actual time=0.529..1424 rows=642000 loops=1)
                                -> Inner hash join (no condition)  (cost=1.58e+6 rows=15.8e+6) (actual time=0.511..73.3 rows=634000 loops=1)
                                    -> Filter: (cast(p.payment_date as date) = '2005-07-30')  (cost=1.65 rows=15813) (actual time=0.0445..12.8 rows=634 loops=1)
                                        -> Table scan on p  (cost=1.65 rows=15813) (actual time=0.0299..6.73 rows=16044 loops=1)
                                    -> Hash
                                        -> Covering index scan on f using idx_title  (cost=103 rows=1000) (actual time=0.0536..0.29 rows=1000 loops=1)
                                -> Covering index lookup on r using rental_date (rental_date=p.payment_date)  (cost=0.25 rows=1.04) (actual time=0.00142..0.00191 rows=1.01 loops=634000)
                            -> Single-row index lookup on c using PRIMARY (customer_id=r.customer_id)  (cost=250e-6 rows=1) (actual time=227e-6..264e-6 rows=1 loops=642000)
                        -> Single-row covering index lookup on i using PRIMARY (inventory_id=r.inventory_id)  (cost=250e-6 rows=1) (actual time=218e-6..255e-6 rows=1 loops=642000)
                        

```

Узкие места:

1. Не используется оператор JOIN
2. Не используется индексирование

Оптимизированный запрос:

```sql

```
Вывод опитмизированного запроса:

```

```

---

## Дополнительные задания (со звёздочкой*)
Эти задания дополнительные, то есть не обязательные к выполнению, и никак не повлияют на получение вами зачёта по этому домашнему заданию. Вы можете их выполнить, если хотите глубже шире разобраться в материале.

### Задание 3*

Самостоятельно изучите, какие типы индексов используются в PostgreSQL. Перечислите те индексы, которые используются в PostgreSQL, а в MySQL — нет.

*Приведите ответ в свободной форме.*


#### Решение 3.


